2022-12-01 04:59:47 info: =================================
2022-12-01 04:59:47 info: ======= ENV: development =======
2022-12-01 04:59:47 info: 🚀 App listening on the port 3000
2022-12-01 04:59:47 info: =================================
2022-12-01 05:01:46 info: =================================
2022-12-01 05:01:46 info: ======= ENV: development =======
2022-12-01 05:01:46 info: 🚀 App listening on the port 3000
2022-12-01 05:01:46 info: =================================
2022-12-01 05:03:49 info: [0mGET /api-docs [36m301[0m 11.640 ms - 183[0m
2022-12-01 05:03:49 info: [0mGET /api-docs/ [32m200[0m 19.093 ms - -[0m
2022-12-01 05:03:49 info: [0mGET /api-docs/swagger-ui-init.js [32m200[0m 2.666 ms - -[0m
2022-12-01 05:03:49 info: [0mGET /api-docs/swagger-ui.css [32m200[0m 28.328 ms - -[0m
2022-12-01 05:03:49 info: [0mGET /api-docs/swagger-ui-standalone-preset.js [32m200[0m 21.828 ms - -[0m
2022-12-01 05:03:49 info: [0mGET /api-docs/swagger-ui-bundle.js [32m200[0m 23.089 ms - -[0m
2022-12-01 05:03:50 info: [0mGET /api-docs/favicon-32x32.png [32m200[0m 16.818 ms - 628[0m
2022-12-01 05:05:06 info: [0mGET /users [32m200[0m 21.792 ms - 31[0m
2022-12-01 05:06:06 info: =================================
2022-12-01 05:06:06 info: ======= ENV: development =======
2022-12-01 05:06:06 info: 🚀 App listening on the port 3000
2022-12-01 05:06:06 info: =================================
2022-12-01 05:06:11 info: [0mGET /api-docs/ [36m304[0m 10.031 ms - -[0m
2022-12-01 05:06:11 info: [0mGET /api-docs/swagger-ui.css [36m304[0m 56.096 ms - -[0m
2022-12-01 05:06:11 info: [0mGET /api-docs/swagger-ui-bundle.js [36m304[0m 1.733 ms - -[0m
2022-12-01 05:06:11 info: [0mGET /api-docs/swagger-ui-standalone-preset.js [36m304[0m 5.335 ms - -[0m
2022-12-01 05:06:11 info: [0mGET /api-docs/swagger-ui-init.js [32m200[0m 2.909 ms - -[0m
2022-12-01 05:06:12 info: [0mGET /api-docs/favicon-32x32.png [36m304[0m 1.480 ms - -[0m
2022-12-01 05:07:07 info: =================================
2022-12-01 05:07:07 info: ======= ENV: development =======
2022-12-01 05:07:07 info: 🚀 App listening on the port 3000
2022-12-01 05:07:07 info: =================================
2022-12-01 05:07:13 info: =================================
2022-12-01 05:07:13 info: ======= ENV: development =======
2022-12-01 05:07:13 info: 🚀 App listening on the port 3000
2022-12-01 05:07:13 info: =================================
2022-12-01 06:03:49 info: [0mGET /api-docs/swagger-ui.css [36m304[0m 81.480 ms - -[0m
2022-12-01 06:03:49 info: [0mGET /api-docs/swagger-ui-bundle.js [36m304[0m 57.919 ms - -[0m
2022-12-01 06:03:49 info: [0mGET /api-docs/swagger-ui-standalone-preset.js [36m304[0m 35.314 ms - -[0m
2022-12-01 06:03:49 info: [0mGET /api-docs/swagger-ui-init.js [32m200[0m 28.339 ms - -[0m
2022-12-01 06:05:16 info: =================================
2022-12-01 06:05:16 info: ======= ENV: development =======
2022-12-01 06:05:16 info: 🚀 App listening on the port 3000
2022-12-01 06:05:16 info: =================================
2022-12-01 06:07:49 info: [0mGET / [32m200[0m 17.486 ms - 2[0m
2022-12-01 06:08:35 info: =================================
2022-12-01 06:08:35 info: ======= ENV: development =======
2022-12-01 06:08:35 info: 🚀 App listening on the port 3000
2022-12-01 06:08:35 info: =================================
2022-12-01 06:08:41 info: [0mGET / [32m200[0m 29.278 ms - 120[0m
2022-12-01 06:08:42 info: [0mGET /favicon.ico [33m404[0m 13.335 ms - 150[0m
2022-12-01 06:09:20 info: [0mGET /hg [33m404[0m 3.995 ms - 141[0m
2022-12-01 06:09:34 info: [0mGET / [32m200[0m 2.113 ms - 120[0m
2022-12-01 06:09:59 info: [0mGET /hg [33m404[0m 8.728 ms - 141[0m
2022-12-01 06:10:17 info: [0mGET / [32m200[0m 6.826 ms - 120[0m
2022-12-01 06:10:37 info: =================================
2022-12-01 06:10:37 info: ======= ENV: development =======
2022-12-01 06:10:37 info: 🚀 App listening on the port 3000
2022-12-01 06:10:37 info: =================================
2022-12-01 06:10:39 info: [0mGET / [32m200[0m 27.513 ms - 120[0m
2022-12-01 06:18:42 info: =================================
2022-12-01 06:18:42 info: ======= ENV: development =======
2022-12-01 06:18:42 info: 🚀 App listening on the port 3000
2022-12-01 06:18:42 info: =================================
2022-12-01 06:19:35 info: =================================
2022-12-01 06:19:35 info: ======= ENV: development =======
2022-12-01 06:19:35 info: 🚀 App listening on the port 3000
2022-12-01 06:19:35 info: =================================
2022-12-01 06:20:21 info: =================================
2022-12-01 06:20:21 info: ======= ENV: development =======
2022-12-01 06:20:21 info: 🚀 App listening on the port 3000
2022-12-01 06:20:21 info: =================================
2022-12-01 06:20:46 info: =================================
2022-12-01 06:20:46 info: ======= ENV: development =======
2022-12-01 06:20:46 info: 🚀 App listening on the port 3000
2022-12-01 06:20:46 info: =================================
2022-12-01 06:22:26 info: =================================
2022-12-01 06:22:26 info: ======= ENV: development =======
2022-12-01 06:22:26 info: 🚀 App listening on the port 3000
2022-12-01 06:22:26 info: =================================
2022-12-01 06:22:29 info: Connected to InterPocket's DB Successfully...
2022-12-01 06:22:45 info: =================================
2022-12-01 06:22:45 info: ======= ENV: development =======
2022-12-01 06:22:45 info: 🚀 App listening on the port 3000
2022-12-01 06:22:45 info: =================================
2022-12-01 06:22:49 info: Connected to InterPocket's DB Successfully...
2022-12-01 06:23:27 info: =================================
2022-12-01 06:23:27 info: ======= ENV: development =======
2022-12-01 06:23:27 info: 🚀 App listening on the port 3000
2022-12-01 06:23:27 info: =================================
2022-12-01 06:23:40 info: Connected to InterPocket's DB Successfully...
2022-12-01 06:30:00 info: =================================
2022-12-01 06:30:00 info: ======= ENV: development =======
2022-12-01 06:30:00 info: 🚀 App listening on the port 3000
2022-12-01 06:30:00 info: =================================
2022-12-01 06:30:15 info: =================================
2022-12-01 06:30:15 info: ======= ENV: development =======
2022-12-01 06:30:15 info: 🚀 App listening on the port 3000
2022-12-01 06:30:15 info: =================================
2022-12-01 06:30:34 info: Connected to InterPocket's DB Successfully...
2022-12-01 19:59:08 info: =================================
2022-12-01 19:59:08 info: ======= ENV: development =======
2022-12-01 19:59:08 info: 🚀 App listening on the port 3000
2022-12-01 19:59:08 info: =================================
2022-12-01 19:59:08 error: Error connecting to InterPocket's DB: MongoParseError: options usefindandmodify, usecreateindex are not supported
2022-12-01 20:01:06 info: =================================
2022-12-01 20:01:06 info: ======= ENV: development =======
2022-12-01 20:01:06 info: 🚀 App listening on the port 3000
2022-12-01 20:01:06 info: =================================
2022-12-01 20:01:09 info: Connected to InterPocket's DB Successfully...
2022-12-01 20:06:16 info: =================================
2022-12-01 20:06:16 info: ======= ENV: development =======
2022-12-01 20:06:16 info: 🚀 App listening on the port 3000
2022-12-01 20:06:16 info: =================================
2022-12-01 20:06:30 info: Connected to InterPocket's DB Successfully...
2022-12-01 20:12:14 info: =================================
2022-12-01 20:12:14 info: ======= ENV: development =======
2022-12-01 20:12:14 info: 🚀 App listening on the port 3000
2022-12-01 20:12:14 info: =================================
2022-12-01 20:12:17 info: Connected to InterPocket's DB Successfully...
