2023-01-05 09:46:29 info: =================================
2023-01-05 09:46:29 info: ======= ENV: development =======
2023-01-05 09:46:29 info: 🚀 App listening on the port 3000
2023-01-05 09:46:29 info: =================================
2023-01-05 09:46:35 info: Connected to InterPocket's DB Successfully...
2023-01-05 09:47:06 info: =================================
2023-01-05 09:47:06 info: ======= ENV: development =======
2023-01-05 09:47:06 info: 🚀 App listening on the port 3000
2023-01-05 09:47:06 info: =================================
2023-01-05 09:47:08 info: Connected to InterPocket's DB Successfully...
2023-01-05 09:47:13 info: =================================
2023-01-05 09:47:13 info: ======= ENV: development =======
2023-01-05 09:47:13 info: 🚀 App listening on the port 3000
2023-01-05 09:47:13 info: =================================
2023-01-05 09:47:15 info: Connected to InterPocket's DB Successfully...
2023-01-05 09:47:25 info: =================================
2023-01-05 09:47:25 info: ======= ENV: development =======
2023-01-05 09:47:25 info: 🚀 App listening on the port 3000
2023-01-05 09:47:25 info: =================================
2023-01-05 09:47:30 info: Connected to InterPocket's DB Successfully...
2023-01-05 09:48:30 info: =================================
2023-01-05 09:48:30 info: ======= ENV: development =======
2023-01-05 09:48:30 info: 🚀 App listening on the port 3000
2023-01-05 09:48:30 info: =================================
2023-01-05 09:48:35 info: Connected to InterPocket's DB Successfully...
2023-01-05 09:48:40 info: =================================
2023-01-05 09:48:40 info: ======= ENV: development =======
2023-01-05 09:48:40 info: 🚀 App listening on the port 3000
2023-01-05 09:48:40 info: =================================
2023-01-05 09:48:42 info: Connected to InterPocket's DB Successfully...
2023-01-05 09:48:56 info: =================================
2023-01-05 09:48:56 info: ======= ENV: development =======
2023-01-05 09:48:56 info: 🚀 App listening on the port 3000
2023-01-05 09:48:56 info: =================================
2023-01-05 09:49:04 info: Connected to InterPocket's DB Successfully...
2023-01-05 09:49:42 info: =================================
2023-01-05 09:49:42 info: ======= ENV: development =======
2023-01-05 09:49:42 info: 🚀 App listening on the port 3000
2023-01-05 09:49:42 info: =================================
2023-01-05 09:49:47 info: =================================
2023-01-05 09:49:47 info: ======= ENV: development =======
2023-01-05 09:49:47 info: 🚀 App listening on the port 3000
2023-01-05 09:49:47 info: =================================
2023-01-05 09:49:55 info: =================================
2023-01-05 09:49:55 info: ======= ENV: development =======
2023-01-05 09:49:55 info: 🚀 App listening on the port 3000
2023-01-05 09:49:55 info: =================================
2023-01-05 09:49:57 info: Connected to InterPocket's DB Successfully...
2023-01-05 09:50:41 info: =================================
2023-01-05 09:50:41 info: ======= ENV: development =======
2023-01-05 09:50:41 info: 🚀 App listening on the port 3000
2023-01-05 09:50:41 info: =================================
2023-01-05 09:50:45 info: Connected to InterPocket's DB Successfully...
2023-01-05 09:50:49 info: =================================
2023-01-05 09:50:49 info: ======= ENV: development =======
2023-01-05 09:50:49 info: 🚀 App listening on the port 3000
2023-01-05 09:50:49 info: =================================
2023-01-05 09:50:53 info: =================================
2023-01-05 09:50:53 info: ======= ENV: development =======
2023-01-05 09:50:53 info: 🚀 App listening on the port 3000
2023-01-05 09:50:53 info: =================================
2023-01-05 09:50:55 info: Connected to InterPocket's DB Successfully...
2023-01-05 09:51:12 info: =================================
2023-01-05 09:51:12 info: ======= ENV: development =======
2023-01-05 09:51:12 info: 🚀 App listening on the port 3000
2023-01-05 09:51:12 info: =================================
2023-01-05 09:51:17 info: =================================
2023-01-05 09:51:17 info: ======= ENV: development =======
2023-01-05 09:51:17 info: 🚀 App listening on the port 3000
2023-01-05 09:51:17 info: =================================
2023-01-05 09:51:21 info: Connected to InterPocket's DB Successfully...
2023-01-05 09:53:48 info: =================================
2023-01-05 09:53:48 info: ======= ENV: development =======
2023-01-05 09:53:48 info: 🚀 App listening on the port 3000
2023-01-05 09:53:48 info: =================================
2023-01-05 09:53:55 info: Connected to InterPocket's DB Successfully...
2023-01-05 09:54:00 info: =================================
2023-01-05 09:54:00 info: ======= ENV: development =======
2023-01-05 09:54:00 info: 🚀 App listening on the port 3000
2023-01-05 09:54:00 info: =================================
2023-01-05 09:54:02 info: Connected to InterPocket's DB Successfully...
2023-01-05 09:54:37 info: =================================
2023-01-05 09:54:37 info: ======= ENV: development =======
2023-01-05 09:54:37 info: 🚀 App listening on the port 3000
2023-01-05 09:54:37 info: =================================
2023-01-05 09:54:39 info: Connected to InterPocket's DB Successfully...
2023-01-05 09:54:44 info: =================================
2023-01-05 09:54:44 info: ======= ENV: development =======
2023-01-05 09:54:44 info: 🚀 App listening on the port 3000
2023-01-05 09:54:44 info: =================================
2023-01-05 09:54:49 info: Connected to InterPocket's DB Successfully...
2023-01-05 09:55:30 info: =================================
2023-01-05 09:55:30 info: ======= ENV: development =======
2023-01-05 09:55:30 info: 🚀 App listening on the port 3000
2023-01-05 09:55:30 info: =================================
2023-01-05 09:55:37 info: Connected to InterPocket's DB Successfully...
2023-01-05 09:55:41 info: =================================
2023-01-05 09:55:41 info: ======= ENV: development =======
2023-01-05 09:55:41 info: 🚀 App listening on the port 3000
2023-01-05 09:55:41 info: =================================
2023-01-05 09:55:45 info: Connected to InterPocket's DB Successfully...
2023-01-05 09:59:38 info: =================================
2023-01-05 09:59:38 info: ======= ENV: development =======
2023-01-05 09:59:38 info: 🚀 App listening on the port 3000
2023-01-05 09:59:38 info: =================================
2023-01-05 09:59:45 info: Connected to InterPocket's DB Successfully...
2023-01-05 10:01:14 info: =================================
2023-01-05 10:01:14 info: ======= ENV: development =======
2023-01-05 10:01:14 info: 🚀 App listening on the port 3000
2023-01-05 10:01:14 info: =================================
2023-01-05 10:01:19 info: =================================
2023-01-05 10:01:19 info: ======= ENV: development =======
2023-01-05 10:01:19 info: 🚀 App listening on the port 3000
2023-01-05 10:01:19 info: =================================
2023-01-05 10:01:23 info: =================================
2023-01-05 10:01:23 info: ======= ENV: development =======
2023-01-05 10:01:23 info: 🚀 App listening on the port 3000
2023-01-05 10:01:23 info: =================================
2023-01-05 10:01:26 info: Connected to InterPocket's DB Successfully...
2023-01-05 10:11:53 info: =================================
2023-01-05 10:11:53 info: ======= ENV: development =======
2023-01-05 10:11:53 info: 🚀 App listening on the port 3000
2023-01-05 10:11:53 info: =================================
2023-01-05 10:12:00 info: Connected to InterPocket's DB Successfully...
2023-01-05 10:18:51 info: =================================
2023-01-05 10:18:51 info: ======= ENV: development =======
2023-01-05 10:18:51 info: 🚀 App listening on the port 3000
2023-01-05 10:18:51 info: =================================
2023-01-05 10:18:57 info: Connected to InterPocket's DB Successfully...
2023-01-05 10:22:25 info: =================================
2023-01-05 10:22:25 info: ======= ENV: development =======
2023-01-05 10:22:25 info: 🚀 App listening on the port 3000
2023-01-05 10:22:25 info: =================================
2023-01-05 10:22:32 info: Connected to InterPocket's DB Successfully...
2023-01-05 10:22:44 info: =================================
2023-01-05 10:22:44 info: ======= ENV: development =======
2023-01-05 10:22:44 info: 🚀 App listening on the port 3000
2023-01-05 10:22:44 info: =================================
2023-01-05 10:22:46 info: Connected to InterPocket's DB Successfully...
2023-01-05 10:37:52 info: =================================
2023-01-05 10:37:52 info: ======= ENV: development =======
2023-01-05 10:37:52 info: 🚀 App listening on the port 3000
2023-01-05 10:37:52 info: =================================
2023-01-05 10:38:00 info: Connected to InterPocket's DB Successfully...
2023-01-05 12:07:29 info: =================================
2023-01-05 12:07:29 info: ======= ENV: development =======
2023-01-05 12:07:29 info: 🚀 App listening on the port 3000
2023-01-05 12:07:29 info: =================================
2023-01-05 12:07:36 info: Connected to InterPocket's DB Successfully...
2023-01-05 12:08:39 error: [GET] /api-docs >> StatusCode:: 404, Message:: The requested path /api-docs not found!
2023-01-05 12:08:39 info: [0mGET /api-docs [33m404[0m 9.794 ms - 68[0m
2023-01-05 12:08:40 error: [GET] /favicon.ico >> StatusCode:: 404, Message:: The requested path /favicon.ico not found!
2023-01-05 12:08:40 info: [0mGET /favicon.ico [33m404[0m 4.804 ms - 71[0m
2023-01-05 12:11:32 info: =================================
2023-01-05 12:11:32 info: ======= ENV: development =======
2023-01-05 12:11:32 info: 🚀 App listening on the port 3000
2023-01-05 12:11:32 info: =================================
2023-01-05 12:11:39 info: Connected to InterPocket's DB Successfully...
2023-01-05 12:11:48 info: [0mGET /api-docs [36m301[0m 8.567 ms - 183[0m
2023-01-05 12:11:48 info: [0mGET /api-docs/ [32m200[0m 7.361 ms - -[0m
2023-01-05 12:11:48 info: [0mGET /api-docs/swagger-ui-init.js [32m200[0m 1.446 ms - -[0m
2023-01-05 12:11:48 info: [0mGET /api-docs/swagger-ui.css [32m200[0m 15.251 ms - -[0m
2023-01-05 12:11:48 info: [0mGET /api-docs/swagger-ui-standalone-preset.js [32m200[0m 10.261 ms - -[0m
2023-01-05 12:11:48 info: [0mGET /api-docs/swagger-ui-bundle.js [32m200[0m 14.263 ms - -[0m
2023-01-05 12:11:49 info: [0mGET /api-docs/favicon-32x32.png [32m200[0m 11.764 ms - 628[0m
2023-01-05 12:16:39 info: =================================
2023-01-05 12:16:39 info: ======= ENV: development =======
2023-01-05 12:16:39 info: 🚀 App listening on the port 3000
2023-01-05 12:16:39 info: =================================
2023-01-05 12:16:45 info: Connected to InterPocket's DB Successfully...
2023-01-05 12:16:49 error: [0mGET /api-docs/ [36m304[0m 13.263 ms - -[0m
2023-01-05 12:16:49 error: [0mGET /api-docs/swagger-ui.css [36m304[0m 8.769 ms - -[0m
2023-01-05 12:16:49 error: [0mGET /api-docs/swagger-ui-bundle.js [36m304[0m 7.863 ms - -[0m
2023-01-05 12:16:49 error: [0mGET /api-docs/swagger-ui-init.js [36m304[0m 1.422 ms - -[0m
2023-01-05 12:16:49 error: [0mGET /api-docs/swagger-ui-standalone-preset.js [36m304[0m 7.872 ms - -[0m
2023-01-05 12:16:49 error: [0mGET /api-docs/favicon-32x32.png [36m304[0m 1.322 ms - -[0m
2023-01-05 12:17:05 info: =================================
2023-01-05 12:17:05 info: ======= ENV: development =======
2023-01-05 12:17:05 info: 🚀 App listening on the port 3000
2023-01-05 12:17:05 info: =================================
2023-01-05 12:17:07 info: Connected to InterPocket's DB Successfully...
2023-01-05 12:17:31 error: [GET] /users >> StatusCode:: 500, Message:: Cannot read property 'find' of undefined
2023-01-05 12:17:31 info: [0mGET /users [31m500[0m 16.544 ms - 69[0m
